<?xml version="1.0" encoding="UTF-8"?>
<testng-results skipped="0" failed="0" total="4" passed="4">
  <reporter-output>
  </reporter-output>
  <suite name="SmokeSuite" duration-ms="5574" started-at="2016-09-01T08:23:13Z" finished-at="2016-09-01T08:23:19Z">
    <groups>
    </groups>
    <test name="SmokeTest" duration-ms="5574" started-at="2016-09-01T08:23:13Z" finished-at="2016-09-01T08:23:19Z">
      <class name="example.NewTest2">
        <test-method status="PASS" signature="actualtitle()[pri:0, instance:example.NewTest2@198378d]" name="actualtitle" duration-ms="5526" started-at="2016-09-01T13:53:14Z" finished-at="2016-09-01T13:53:19Z">
          <reporter-output>
          </reporter-output>
        </test-method> <!-- actualtitle -->
      </class> <!-- example.NewTest2 -->
      <class name="example.NewTest">
        <test-method status="PASS" signature="review()[pri:0, instance:example.NewTest@2f8f11]" name="review" duration-ms="47" started-at="2016-09-01T13:53:13Z" finished-at="2016-09-01T13:53:14Z">
          <reporter-output>
          </reporter-output>
        </test-method> <!-- review -->
        <test-method status="PASS" signature="validate()[pri:0, instance:example.NewTest@2f8f11]" name="validate" duration-ms="0" started-at="2016-09-01T13:53:14Z" finished-at="2016-09-01T13:53:14Z">
          <reporter-output>
          </reporter-output>
        </test-method> <!-- validate -->
        <test-method status="PASS" signature="verify()[pri:0, instance:example.NewTest@2f8f11]" name="verify" duration-ms="0" started-at="2016-09-01T13:53:14Z" finished-at="2016-09-01T13:53:14Z">
          <reporter-output>
          </reporter-output>
        </test-method> <!-- verify -->
      </class> <!-- example.NewTest -->
    </test> <!-- SmokeTest -->
  </suite> <!-- SmokeSuite -->
</testng-results>
