<?xml version="1.0" encoding="UTF-8"?>
<!-- Generated by org.testng.reporters.JUnitXMLReporter -->
<testsuite hostname="PC234863" name="SmokeTest" tests="4" failures="0" timestamp="1 Sep 2016 10:05:52 GMT" time="5.649" errors="0">
  <testcase name="review" time="0.0" classname="example.NewTest"/>
  <testcase name="validate" time="0.0" classname="example.NewTest"/>
  <testcase name="verify" time="0.0" classname="example.NewTest"/>
  <testcase name="actualtitle" time="5.633" classname="example.NewTest2"/>
</testsuite> <!-- SmokeTest -->
