<?xml version="1.0" encoding="UTF-8"?>
<!-- Generated by org.testng.reporters.JUnitXMLReporter -->
<testsuite hostname="PC234863" name="SmokeTest" tests="4" failures="0" timestamp="1 Sep 2016 08:23:19 GMT" time="5.574" errors="0">
  <testcase name="review" time="0.047" classname="example.NewTest"/>
  <testcase name="validate" time="0.0" classname="example.NewTest"/>
  <testcase name="verify" time="0.0" classname="example.NewTest"/>
  <testcase name="actualtitle" time="5.526" classname="example.NewTest2"/>
</testsuite> <!-- SmokeTest -->
